<?xml version="1.0" encoding="UTF-8"?>
<!-- Generated by org.testng.reporters.JUnitXMLReporter -->
<testsuite hostname="DESKTOP-2S24NLE" name="Test1" tests="6" failures="0" timestamp="21 Oct 2021 07:26:59 GMT" time="292.607" errors="0">
  <testcase name="firstTest" time="31.282" classname="AdminModule.verifyLogin"/>
  <testcase name="AddUserTest" time="55.479" classname="AdminModule.verifyEnroll"/>
  <testcase name="VerifyDeleteTest" time="52.406" classname="AdminModule.verifyDeluser"/>
  <testcase name="VerifycourseTest" time="58.008" classname="AdminModule.verifycourse"/>
  <testcase name="DownloadTest" time="39.734" classname="AdminModule.verifyDownload"/>
  <testcase name="EditUserTest" time="55.656" classname="AdminModule.verifyEditUser"/>
</testsuite> <!-- Test1 -->
