<?xml version="1.0" encoding="UTF-8"?>
<testng-results skipped="0" failed="0" total="1" passed="1">
  <reporter-output>
  </reporter-output>
  <suite name="Default suite" duration-ms="65380" started-at="2021-10-21T07:33:03Z" finished-at="2021-10-21T07:34:08Z">
    <groups>
    </groups>
    <test name="Default test" duration-ms="65380" started-at="2021-10-21T07:33:03Z" finished-at="2021-10-21T07:34:08Z">
      <class name="AdminModule.verifycourse">
        <test-method status="PASS" signature="VerifycourseTest()[pri:0, instance:AdminModule.verifycourse@28feb3fa]" name="VerifycourseTest" duration-ms="65347" started-at="2021-10-21T13:03:03Z" finished-at="2021-10-21T13:04:08Z">
          <reporter-output>
          </reporter-output>
        </test-method> <!-- VerifycourseTest -->
      </class> <!-- AdminModule.verifycourse -->
    </test> <!-- Default test -->
  </suite> <!-- Default suite -->
</testng-results>
